<?xml version="1.0" encoding="UTF-8"?>
<!-- Generated by org.testng.reporters.JUnitReportReporter -->
<testsuite skipped="0" hostname="ip-172-31-88-196" name="test.Testcase2" tests="3" failures="0" timestamp="2021-10-25T07:24:44 UTC" time="0.013" errors="0">
  <testcase name="CCTest" time="0.008" classname="test.Testcase2"/>
  <system-out/>
  <testcase name="CreditCardTest" time="0.002" classname="test.Testcase2"/>
  <system-out/>
  <testcase name="CreditCardSanityTest2" time="0.003" classname="test.Testcase2"/>
  <system-out/>
</testsuite> <!-- test.Testcase2 -->
