<?xml version="1.0" encoding="UTF-8"?>
<!-- Generated by org.testng.reporters.JUnitReportReporter -->
<testsuite skipped="0" hostname="ip-172-31-88-196" name="test.Testcase1" tests="5" failures="0" timestamp="2021-10-25T07:25:08 UTC" time="0.013" errors="0">
  <testcase name="HomeLoanTest" time="0.002" classname="test.Testcase1"/>
  <system-out/>
  <testcase name="HomeLoanTest1" time="0.002" classname="test.Testcase1"/>
  <system-out/>
  <testcase name="CarLoansanityTest1" time="0.002" classname="test.Testcase1"/>
  <system-out/>
  <testcase name="CarLoanTest" time="0.006" classname="test.Testcase1"/>
  <system-out/>
  <testcase name="CarLoanTest1" time="0.001" classname="test.Testcase1"/>
  <system-out/>
</testsuite> <!-- test.Testcase1 -->
